<?xml version="1.0" encoding="UTF-8"?>
<!-- Generated by org.testng.reporters.JUnitXMLReporter -->
<testsuite ignored="0" hostname="DESKTOP-9OOOF17" failures="0" tests="4" name="Default test" time="118.623" errors="0" timestamp="2022-12-01T14:35:29 IST">
  <testcase classname="tests.loginPage" name="validateLoginTittle" time="2.547"/>
  <testcase classname="tests.loginPage" name="validatefogotpassword" time="0.072"/>
  <testcase classname="tests.loginPage" name="validateAllLinksTittle" time="68.629"/>
  <testcase classname="tests.loginPage" name="validateLogin" time="22.871"/>
</testsuite> <!-- Default test -->
