<?xml version="1.0" encoding="UTF-8"?>
<!-- Generated by org.testng.reporters.JUnitXMLReporter -->
<testsuite ignored="1" hostname="DESKTOP-9OOOF17" failures="0" tests="2" name="Default test" time="40.894" errors="0" timestamp="2022-12-08T21:00:01 IST">
  <testcase classname="tests.adminTest" name="validateHeader" time="6.702"/>
  <testcase classname="tests.adminTest" name="validateSearchFilterByuserRole" time="10.911"/>
  <testcase classname="tests.adminTest" name="validateSearchFilterByEmpName" time="0.0">
    <ignored/>
  </testcase> <!-- validateSearchFilterByEmpName -->
</testsuite> <!-- Default test -->
