<?xml version="1.0" encoding="UTF-8"?>
<!-- Generated by org.testng.reporters.JUnitXMLReporter -->
<testsuite ignored="0" hostname="DESKTOP-9OOOF17" failures="1" tests="3" name="Test" time="123.301" errors="0" timestamp="2022-12-04T17:42:15 IST">
  <testcase classname="tests.loginPage" name="validateLoginTittle" time="1.328"/>
  <testcase classname="tests.loginPage" name="validateAllLinksTittle" time="72.884">
    <failure type="java.lang.AssertionError" message="Links text validation failed: Lists differ at element [2]: OrangeHRM - World&amp;apos;s Most Popular Opensource HRIS | Secaucus NJ != OrangeHRM - World&amp;apos;s Most Popular Opensource HRIS | Secaucus NJ | Facebook expected [OrangeHRM - World&amp;apos;s Most Popular Opensource HRIS | Secaucus NJ] but found [OrangeHRM - World&amp;apos;s Most Popular Opensource HRIS | Secaucus NJ | Facebook]">
      <![CDATA[java.lang.AssertionError: Links text validation failed: Lists differ at element [2]: OrangeHRM - World's Most Popular Opensource HRIS | Secaucus NJ != OrangeHRM - World's Most Popular Opensource HRIS | Secaucus NJ | Facebook expected [OrangeHRM - World's Most Popular Opensource HRIS | Secaucus NJ] but found [OrangeHRM - World's Most Popular Opensource HRIS | Secaucus NJ | Facebook]
at tests.loginPage.validateAllLinksTittle(loginPage.java:78)
at java.base/java.util.ArrayList.forEach(ArrayList.java:1511)
at java.base/java.util.concurrent.FutureTask.run(FutureTask.java:264)
at java.base/java.util.concurrent.ThreadPoolExecutor.runWorker(ThreadPoolExecutor.java:1136)
at java.base/java.util.concurrent.ThreadPoolExecutor$Worker.run(ThreadPoolExecutor.java:635)
at java.base/java.lang.Thread.run(Thread.java:833)
... Removed 22 stack frames]]>
    </failure>
  </testcase> <!-- validateAllLinksTittle -->
  <testcase classname="tests.loginPage" name="validateLogin" time="15.521"/>
</testsuite> <!-- Test -->
