<?xml version="1.0" encoding="UTF-8"?>
<testng-results ignored="0" total="4" passed="4" failed="0" skipped="0">
  <reporter-output>
  </reporter-output>
  <suite started-at="2022-12-01T14:33:30 IST" name="Default suite" finished-at="2022-12-01T14:35:29 IST" duration-ms="118623">
    <groups>
    </groups>
    <test started-at="2022-12-01T14:33:30 IST" name="Default test" finished-at="2022-12-01T14:35:29 IST" duration-ms="118623">
      <class name="tests.loginPage">
        <test-method is-config="true" signature="initializer()[pri:0, instance:tests.loginPage@d9345cd]" started-at="2022-12-01T14:33:30 IST" name="initializer" finished-at="2022-12-01T14:33:49 IST" duration-ms="19101" status="PASS">
          <reporter-output>
          </reporter-output>
        </test-method> <!-- initializer -->
        <test-method signature="validateLoginTittle()[pri:1, instance:tests.loginPage@d9345cd]" started-at="2022-12-01T14:33:50 IST" name="validateLoginTittle" finished-at="2022-12-01T14:33:52 IST" duration-ms="2547" status="PASS">
          <reporter-output>
          </reporter-output>
        </test-method> <!-- validateLoginTittle -->
        <test-method signature="validatefogotpassword()[pri:2, instance:tests.loginPage@d9345cd]" started-at="2022-12-01T14:33:52 IST" name="validatefogotpassword" finished-at="2022-12-01T14:33:52 IST" duration-ms="72" status="PASS">
          <reporter-output>
          </reporter-output>
        </test-method> <!-- validatefogotpassword -->
        <test-method signature="validateAllLinksTittle()[pri:3, instance:tests.loginPage@d9345cd]" started-at="2022-12-01T14:33:52 IST" name="validateAllLinksTittle" finished-at="2022-12-01T14:35:01 IST" duration-ms="68629" status="PASS">
          <reporter-output>
          </reporter-output>
        </test-method> <!-- validateAllLinksTittle -->
        <test-method signature="validateLogin()[pri:4, instance:tests.loginPage@d9345cd]" started-at="2022-12-01T14:35:01 IST" name="validateLogin" finished-at="2022-12-01T14:35:24 IST" duration-ms="22871" status="PASS">
          <reporter-output>
          </reporter-output>
        </test-method> <!-- validateLogin -->
        <test-method is-config="true" signature="teardown()[pri:0, instance:tests.loginPage@d9345cd]" started-at="2022-12-01T14:35:24 IST" name="teardown" finished-at="2022-12-01T14:35:29 IST" duration-ms="5311" status="PASS">
          <reporter-output>
          </reporter-output>
        </test-method> <!-- teardown -->
      </class> <!-- tests.loginPage -->
    </test> <!-- Default test -->
  </suite> <!-- Default suite -->
</testng-results>
