<?xml version="1.0" encoding="UTF-8"?>
<testng-results ignored="1" total="3" passed="2" failed="0" skipped="0">
  <reporter-output>
  </reporter-output>
  <suite started-at="2022-12-08T20:59:20 IST" name="Default suite" finished-at="2022-12-08T21:00:01 IST" duration-ms="40894">
    <groups>
    </groups>
    <test started-at="2022-12-08T20:59:20 IST" name="Default test" finished-at="2022-12-08T21:00:01 IST" duration-ms="40894">
      <class name="tests.adminTest">
        <test-method is-config="true" signature="validateinitialize()[pri:0, instance:tests.adminTest@73e9cf30]" started-at="2022-12-08T20:59:20 IST" name="validateinitialize" finished-at="2022-12-08T20:59:42 IST" duration-ms="22573" status="PASS">
          <reporter-output>
          </reporter-output>
        </test-method> <!-- validateinitialize -->
        <test-method signature="validateHeader()[pri:1, instance:tests.adminTest@73e9cf30]" started-at="2022-12-08T20:59:43 IST" name="validateHeader" finished-at="2022-12-08T20:59:50 IST" duration-ms="6702" status="PASS">
          <reporter-output>
          </reporter-output>
        </test-method> <!-- validateHeader -->
        <test-method signature="validateSearchFilterByuserRole()[pri:3, instance:tests.adminTest@73e9cf30]" started-at="2022-12-08T20:59:50 IST" name="validateSearchFilterByuserRole" finished-at="2022-12-08T21:00:01 IST" duration-ms="10911" status="PASS">
          <reporter-output>
          </reporter-output>
        </test-method> <!-- validateSearchFilterByuserRole -->
      </class> <!-- tests.adminTest -->
    </test> <!-- Default test -->
  </suite> <!-- Default suite -->
</testng-results>
